[14:30:21] [main/INFO]: Extra: []
[14:30:21] [main/INFO]: Running with arguments: [--userProperties, {}, --assetsDir, C:/Users/detle/.gradle/caches/minecraft/assets, --assetIndex, 1.8, --accessToken{REDACTED}, --version, 1.8.9, --tweakClass, net.minecraftforge.fml.common.launcher.FMLTweaker, --tweakClass, net.minecraftforge.gradle.tweakers.CoremodTweaker]
[14:30:21] [main/INFO]: Loading tweak class name net.minecraftforge.fml.common.launcher.FMLTweaker
[14:30:21] [main/INFO]: Using primary tweak class name net.minecraftforge.fml.common.launcher.FMLTweaker
[14:30:21] [main/INFO]: Loading tweak class name net.minecraftforge.gradle.tweakers.CoremodTweaker
[14:30:21] [main/INFO]: Calling tweak class net.minecraftforge.fml.common.launcher.FMLTweaker
[14:30:21] [main/INFO]: Forge Mod Loader version 11.15.1.2318 for Minecraft 1.8.9 loading
[14:30:21] [main/INFO]: Java is Java HotSpot(TM) 64-Bit Server VM, version 1.8.0_271, running on Windows 10:amd64:10.0, installed at C:\Program Files\Java\jdk1.8.0_271\jre
[14:30:21] [main/INFO]: Managed to load a deobfuscated Minecraft name- we are in a deobfuscated environment. Skipping runtime deobfuscation
[14:30:21] [main/INFO]: Calling tweak class net.minecraftforge.gradle.tweakers.CoremodTweaker
[14:30:21] [main/INFO]: Injecting location in coremod net.minecraftforge.fml.relauncher.FMLCorePlugin
[14:30:21] [main/INFO]: Injecting location in coremod net.minecraftforge.classloading.FMLForgePlugin
[14:30:21] [main/INFO]: Loading tweak class name net.minecraftforge.fml.common.launcher.FMLInjectionAndSortingTweaker
[14:30:21] [main/INFO]: Loading tweak class name net.minecraftforge.fml.common.launcher.FMLDeobfTweaker
[14:30:21] [main/INFO]: Loading tweak class name net.minecraftforge.gradle.tweakers.AccessTransformerTweaker
[14:30:21] [main/INFO]: Calling tweak class net.minecraftforge.fml.common.launcher.FMLInjectionAndSortingTweaker
[14:30:21] [main/INFO]: Calling tweak class net.minecraftforge.fml.common.launcher.FMLInjectionAndSortingTweaker
[14:30:21] [main/INFO]: Calling tweak class net.minecraftforge.fml.relauncher.CoreModManager$FMLPluginWrapper
[14:30:22] [main/ERROR]: The binary patch set is missing. Either you are in a development environment, or things are not going to work!
[14:30:23] [main/ERROR]: FML appears to be missing any signature data. This is not a good thing
[14:30:23] [main/INFO]: Calling tweak class net.minecraftforge.fml.relauncher.CoreModManager$FMLPluginWrapper
[14:30:23] [main/INFO]: Calling tweak class net.minecraftforge.fml.common.launcher.FMLDeobfTweaker
[14:30:25] [main/INFO]: Calling tweak class net.minecraftforge.gradle.tweakers.AccessTransformerTweaker
[14:30:25] [main/INFO]: Remapping AccessTransformer rules...
[14:30:25] [main/INFO]: Loading tweak class name net.minecraftforge.fml.common.launcher.TerminalTweaker
[14:30:25] [main/INFO]: Calling tweak class net.minecraftforge.fml.common.launcher.TerminalTweaker
[14:30:25] [main/INFO]: Launching wrapped minecraft {net.minecraft.client.main.Main}
[14:30:28] [Client thread/INFO]: Setting user: Player325
[14:30:35] [Client thread/INFO]: LWJGL Version: 2.9.4
[14:30:35] [Client thread/ERROR]: Couldn't set pixel format
org.lwjgl.LWJGLException: Pixel format not accelerated
	at org.lwjgl.opengl.WindowsPeerInfo.nChoosePixelFormat(Native Method) ~[lwjgl-2.9.4-nightly-20150209.jar:?]
	at org.lwjgl.opengl.WindowsPeerInfo.choosePixelFormat(WindowsPeerInfo.java:52) ~[lwjgl-2.9.4-nightly-20150209.jar:?]
	at org.lwjgl.opengl.WindowsDisplay.createWindow(WindowsDisplay.java:247) ~[lwjgl-2.9.4-nightly-20150209.jar:?]
	at org.lwjgl.opengl.Display.createWindow(Display.java:306) ~[lwjgl-2.9.4-nightly-20150209.jar:?]
	at org.lwjgl.opengl.Display.create(Display.java:848) ~[lwjgl-2.9.4-nightly-20150209.jar:?]
	at org.lwjgl.opengl.Display.create(Display.java:757) ~[lwjgl-2.9.4-nightly-20150209.jar:?]
	at net.minecraft.client.Minecraft.createDisplay(Minecraft.java:560) [Minecraft.class:?]
	at net.minecraft.client.Minecraft.startGame(Minecraft.java:408) [Minecraft.class:?]
	at net.minecraft.client.Minecraft.run(Minecraft.java:329) [Minecraft.class:?]
	at net.minecraft.client.main.Main.main(SourceFile:124) [Main.class:?]
	at sun.reflect.NativeMethodAccessorImpl.invoke0(Native Method) ~[?:1.8.0_271]
	at sun.reflect.NativeMethodAccessorImpl.invoke(NativeMethodAccessorImpl.java:62) ~[?:1.8.0_271]
	at sun.reflect.DelegatingMethodAccessorImpl.invoke(DelegatingMethodAccessorImpl.java:43) ~[?:1.8.0_271]
	at java.lang.reflect.Method.invoke(Method.java:498) ~[?:1.8.0_271]
	at net.minecraft.launchwrapper.Launch.launch(Launch.java:135) [launchwrapper-1.12.jar:?]
	at net.minecraft.launchwrapper.Launch.main(Launch.java:28) [launchwrapper-1.12.jar:?]
	at sun.reflect.NativeMethodAccessorImpl.invoke0(Native Method) ~[?:1.8.0_271]
	at sun.reflect.NativeMethodAccessorImpl.invoke(NativeMethodAccessorImpl.java:62) ~[?:1.8.0_271]
	at sun.reflect.DelegatingMethodAccessorImpl.invoke(DelegatingMethodAccessorImpl.java:43) ~[?:1.8.0_271]
	at java.lang.reflect.Method.invoke(Method.java:498) ~[?:1.8.0_271]
	at net.minecraftforge.gradle.GradleStartCommon.launch(GradleStartCommon.java:97) [start/:?]
	at GradleStart.main(GradleStart.java:26) [start/:?]
[14:30:36] [Client thread/INFO]: [net.minecraft.init.Bootstrap:printToSYSOUT:529]: ---- Minecraft Crash Report ----
// I bet Cylons wouldn't have this problem.

Time: 28.07.21 14:30
Description: Initializing game

org.lwjgl.LWJGLException: Pixel format not accelerated
	at org.lwjgl.opengl.WindowsPeerInfo.nChoosePixelFormat(Native Method)
	at org.lwjgl.opengl.WindowsPeerInfo.choosePixelFormat(WindowsPeerInfo.java:52)
	at org.lwjgl.opengl.WindowsDisplay.createWindow(WindowsDisplay.java:247)
	at org.lwjgl.opengl.Display.createWindow(Display.java:306)
	at org.lwjgl.opengl.Display.create(Display.java:848)
	at org.lwjgl.opengl.Display.create(Display.java:757)
	at org.lwjgl.opengl.Display.create(Display.java:739)
	at net.minecraft.client.Minecraft.createDisplay(Minecraft.java:580)
	at net.minecraft.client.Minecraft.startGame(Minecraft.java:408)
	at net.minecraft.client.Minecraft.run(Minecraft.java:329)
	at net.minecraft.client.main.Main.main(SourceFile:124)
	at sun.reflect.NativeMethodAccessorImpl.invoke0(Native Method)
	at sun.reflect.NativeMethodAccessorImpl.invoke(NativeMethodAccessorImpl.java:62)
	at sun.reflect.DelegatingMethodAccessorImpl.invoke(DelegatingMethodAccessorImpl.java:43)
	at java.lang.reflect.Method.invoke(Method.java:498)
	at net.minecraft.launchwrapper.Launch.launch(Launch.java:135)
	at net.minecraft.launchwrapper.Launch.main(Launch.java:28)
	at sun.reflect.NativeMethodAccessorImpl.invoke0(Native Method)
	at sun.reflect.NativeMethodAccessorImpl.invoke(NativeMethodAccessorImpl.java:62)
	at sun.reflect.DelegatingMethodAccessorImpl.invoke(DelegatingMethodAccessorImpl.java:43)
	at java.lang.reflect.Method.invoke(Method.java:498)
	at net.minecraftforge.gradle.GradleStartCommon.launch(GradleStartCommon.java:97)
	at GradleStart.main(GradleStart.java:26)


A detailed walkthrough of the error, its code path and all known details is as follows:
---------------------------------------------------------------------------------------

-- Head --
Stacktrace:
	at org.lwjgl.opengl.WindowsPeerInfo.nChoosePixelFormat(Native Method)
	at org.lwjgl.opengl.WindowsPeerInfo.choosePixelFormat(WindowsPeerInfo.java:52)
	at org.lwjgl.opengl.WindowsDisplay.createWindow(WindowsDisplay.java:247)
	at org.lwjgl.opengl.Display.createWindow(Display.java:306)
	at org.lwjgl.opengl.Display.create(Display.java:848)
	at org.lwjgl.opengl.Display.create(Display.java:757)
	at org.lwjgl.opengl.Display.create(Display.java:739)
	at net.minecraft.client.Minecraft.createDisplay(Minecraft.java:580)
	at net.minecraft.client.Minecraft.startGame(Minecraft.java:408)

-- Initialization --
Details:
Stacktrace:
	at net.minecraft.client.Minecraft.run(Minecraft.java:329)
	at net.minecraft.client.main.Main.main(SourceFile:124)
	at sun.reflect.NativeMethodAccessorImpl.invoke0(Native Method)
	at sun.reflect.NativeMethodAccessorImpl.invoke(NativeMethodAccessorImpl.java:62)
	at sun.reflect.DelegatingMethodAccessorImpl.invoke(DelegatingMethodAccessorImpl.java:43)
	at java.lang.reflect.Method.invoke(Method.java:498)
	at net.minecraft.launchwrapper.Launch.launch(Launch.java:135)
	at net.minecraft.launchwrapper.Launch.main(Launch.java:28)
	at sun.reflect.NativeMethodAccessorImpl.invoke0(Native Method)
	at sun.reflect.NativeMethodAccessorImpl.invoke(NativeMethodAccessorImpl.java:62)
	at sun.reflect.DelegatingMethodAccessorImpl.invoke(DelegatingMethodAccessorImpl.java:43)
	at java.lang.reflect.Method.invoke(Method.java:498)
	at net.minecraftforge.gradle.GradleStartCommon.launch(GradleStartCommon.java:97)
	at GradleStart.main(GradleStart.java:26)

-- System Details --
Details:
	Minecraft Version: 1.8.9
	Operating System: Windows 10 (amd64) version 10.0
	Java Version: 1.8.0_271, Oracle Corporation
	Java VM Version: Java HotSpot(TM) 64-Bit Server VM (mixed mode), Oracle Corporation
	Memory: 272427168 bytes (259 MB) / 630194176 bytes (601 MB) up to 1883242496 bytes (1796 MB)
	JVM Flags: 0 total; 
	IntCache: cache: 0, tcache: 0, allocated: 0, tallocated: 0
	FML: 
	Loaded coremods (and transformers): 
	Launched Version: 1.8.9
	LWJGL: 2.9.4
	OpenGL: ~~ERROR~~ RuntimeException: No OpenGL context found in the current thread.
	GL Caps: 
	Using VBOs: No
	Is Modded: Definitely; Client brand changed to 'fml,forge'
	Type: Client (map_client.txt)
	Resource Packs: 
	Current Language: ~~ERROR~~ NullPointerException: null
	Profiler Position: N/A (disabled)
	CPU: <unknown>
[14:30:36] [Client thread/INFO]: [net.minecraft.init.Bootstrap:printToSYSOUT:529]: #@!@# Game crashed! Crash report saved to: #@!@# C:\Users\detle\Desktop\Neuer Ordner (4)\BazaarNotifier-1.4.4\BazaarNotifier-1.4.4\run\.\crash-reports\crash-2021-07-28_14.30.36-client.txt
[14:30:36] [Thread-1/INFO]: [com.intellij.rt.coverage.instrumentation.AbstractIntellijClassfileTransformer$1:run:50]: Class transformation time: 1.4353981s for 3635 classes or 3.948825584594223E-4s per class
